  LoadingScreen.cpp
glew32s.lib(glew.obj) : warning LNK4099: no se encontró PDB 'glew32s.pdb' con 'glew32s.lib(glew.obj)' o en 'C:\Users\DELL\Source\Repos\TOIS-Project-S\x64\Debug\glew32s.pdb'; se vinculará el objeto sin tener en cuenta información de depuración
LINK : warning LNK4098: la biblioteca predeterminada'LIBCMT' entra en conflicto con otras bibliotecas; use la biblioteca /NODEFAULTLIB:biblioteca
LINK : warning LNK4098: la biblioteca predeterminada'MSVCRT' entra en conflicto con otras bibliotecas; use la biblioteca /NODEFAULTLIB:biblioteca
LINK : warning LNK4217: "__glewBindBuffer" importa el símbolo "glew32s.lib(glew.obj)" definido en "LoadingScreen.obj" en la función ""void __cdecl DrawLoadingSpinner(class Shader &,float)" (?DrawLoadingSpinner@@YAXAEAVShader@@M@Z)"
LINK : warning LNK4286: "__glewBindBuffer" importa el símbolo "glew32s.lib(glew.obj)" definido en "Main.obj"
LINK : warning LNK4286: "__glewBindBuffer" importa el símbolo "glew32s.lib(glew.obj)" definido en "Mesh.obj"
LINK : warning LNK4217: "__glewBindBuffer" importa el símbolo "glew32s.lib(glew.obj)" definido en "Skybox.obj" en la función ""float * __cdecl std::_Uninitialized_move<float *,class std::allocator<float> >(float * const,float * const,float *,class std::allocator<float> &)" (??$_Uninitialized_move@PEAMV?$allocator@M@std@@@std@@YAPEAMQEAM0PEAMAEAV?$allocator@M@0@@Z)"
LINK : warning LNK4217: "__glewBufferData" importa el símbolo "glew32s.lib(glew.obj)" definido en "LoadingScreen.obj" en la función ""void __cdecl DrawLoadingSpinner(class Shader &,float)" (?DrawLoadingSpinner@@YAXAEAVShader@@M@Z)"
LINK : warning LNK4286: "__glewBufferData" importa el símbolo "glew32s.lib(glew.obj)" definido en "Main.obj"
LINK : warning LNK4286: "__glewBufferData" importa el símbolo "glew32s.lib(glew.obj)" definido en "Mesh.obj"
LINK : warning LNK4217: "__glewBufferData" importa el símbolo "glew32s.lib(glew.obj)" definido en "Skybox.obj" en la función ""float * __cdecl std::_Uninitialized_move<float *,class std::allocator<float> >(float * const,float * const,float *,class std::allocator<float> &)" (??$_Uninitialized_move@PEAMV?$allocator@M@std@@@std@@YAPEAMQEAM0PEAMAEAV?$allocator@M@0@@Z)"
LINK : warning LNK4217: "__glewBufferSubData" importa el símbolo "glew32s.lib(glew.obj)" definido en "LoadingScreen.obj" en la función ""void __cdecl DrawProgressBar(unsigned int,unsigned int,class Shader &,float)" (?DrawProgressBar@@YAXIIAEAVShader@@M@Z)"
LINK : warning LNK4217: "__glewDeleteBuffers" importa el símbolo "glew32s.lib(glew.obj)" definido en "LoadingScreen.obj" en la función ""void __cdecl DrawLoadingSpinner(class Shader &,float)" (?DrawLoadingSpinner@@YAXAEAVShader@@M@Z)"
LINK : warning LNK4286: "__glewDeleteBuffers" importa el símbolo "glew32s.lib(glew.obj)" definido en "Main.obj"
LINK : warning LNK4217: "__glewGenBuffers" importa el símbolo "glew32s.lib(glew.obj)" definido en "LoadingScreen.obj" en la función ""void __cdecl DrawLoadingSpinner(class Shader &,float)" (?DrawLoadingSpinner@@YAXAEAVShader@@M@Z)"
LINK : warning LNK4286: "__glewGenBuffers" importa el símbolo "glew32s.lib(glew.obj)" definido en "Main.obj"
LINK : warning LNK4286: "__glewGenBuffers" importa el símbolo "glew32s.lib(glew.obj)" definido en "Mesh.obj"
LINK : warning LNK4217: "__glewGenBuffers" importa el símbolo "glew32s.lib(glew.obj)" definido en "Skybox.obj" en la función ""void * __cdecl std::_Allocate<16,struct std::_Default_allocate_traits>(unsigned __int64)" (??$_Allocate@$0BA@U_Default_allocate_traits@std@@@std@@YAPEAX_K@Z)"
LINK : warning LNK4217: "__glewEnableVertexAttribArray" importa el símbolo "glew32s.lib(glew.obj)" definido en "LoadingScreen.obj" en la función ""void __cdecl DrawLoadingSpinner(class Shader &,float)" (?DrawLoadingSpinner@@YAXAEAVShader@@M@Z)"
LINK : warning LNK4286: "__glewEnableVertexAttribArray" importa el símbolo "glew32s.lib(glew.obj)" definido en "Main.obj"
LINK : warning LNK4286: "__glewEnableVertexAttribArray" importa el símbolo "glew32s.lib(glew.obj)" definido en "Mesh.obj"
LINK : warning LNK4286: "__glewEnableVertexAttribArray" importa el símbolo "glew32s.lib(glew.obj)" definido en "Skybox.obj"
LINK : warning LNK4217: "__glewVertexAttribPointer" importa el símbolo "glew32s.lib(glew.obj)" definido en "LoadingScreen.obj" en la función ""void __cdecl DrawLoadingSpinner(class Shader &,float)" (?DrawLoadingSpinner@@YAXAEAVShader@@M@Z)"
LINK : warning LNK4286: "__glewVertexAttribPointer" importa el símbolo "glew32s.lib(glew.obj)" definido en "Main.obj"
LINK : warning LNK4286: "__glewVertexAttribPointer" importa el símbolo "glew32s.lib(glew.obj)" definido en "Mesh.obj"
LINK : warning LNK4217: "__glewVertexAttribPointer" importa el símbolo "glew32s.lib(glew.obj)" definido en "Skybox.obj" en la función ""unsigned int * __cdecl std::_Copy_memmove<unsigned int *,unsigned int *>(unsigned int *,unsigned int *,unsigned int *)" (??$_Copy_memmove@PEAIPEAI@std@@YAPEAIPEAI00@Z)"
LINK : warning LNK4217: "__glewBindVertexArray" importa el símbolo "glew32s.lib(glew.obj)" definido en "LoadingScreen.obj" en la función ""void __cdecl DrawLoadingSpinner(class Shader &,float)" (?DrawLoadingSpinner@@YAXAEAVShader@@M@Z)"
LINK : warning LNK4286: "__glewBindVertexArray" importa el símbolo "glew32s.lib(glew.obj)" definido en "Main.obj"
LINK : warning LNK4286: "__glewBindVertexArray" importa el símbolo "glew32s.lib(glew.obj)" definido en "Mesh.obj"
LINK : warning LNK4217: "__glewBindVertexArray" importa el símbolo "glew32s.lib(glew.obj)" definido en "Skybox.obj" en la función ""unsigned int * __cdecl std::_Copy_memmove<unsigned int *,unsigned int *>(unsigned int *,unsigned int *,unsigned int *)" (??$_Copy_memmove@PEAIPEAI@std@@YAPEAIPEAI00@Z)"
LINK : warning LNK4217: "__glewDeleteVertexArrays" importa el símbolo "glew32s.lib(glew.obj)" definido en "LoadingScreen.obj" en la función ""void __cdecl DrawLoadingSpinner(class Shader &,float)" (?DrawLoadingSpinner@@YAXAEAVShader@@M@Z)"
LINK : warning LNK4286: "__glewDeleteVertexArrays" importa el símbolo "glew32s.lib(glew.obj)" definido en "Main.obj"
LINK : warning LNK4217: "__glewGenVertexArrays" importa el símbolo "glew32s.lib(glew.obj)" definido en "LoadingScreen.obj" en la función ""void __cdecl DrawLoadingSpinner(class Shader &,float)" (?DrawLoadingSpinner@@YAXAEAVShader@@M@Z)"
LINK : warning LNK4286: "__glewGenVertexArrays" importa el símbolo "glew32s.lib(glew.obj)" definido en "Main.obj"
LINK : warning LNK4286: "__glewGenVertexArrays" importa el símbolo "glew32s.lib(glew.obj)" definido en "Mesh.obj"
LINK : warning LNK4217: "__glewGenVertexArrays" importa el símbolo "glew32s.lib(glew.obj)" definido en "Skybox.obj" en la función ""float * __cdecl std::_Copy_memmove<float *,float *>(float *,float *,float *)" (??$_Copy_memmove@PEAMPEAM@std@@YAPEAMPEAM00@Z)"
LINK : warning LNK4217: "__glewActiveTexture" importa el símbolo "glew32s.lib(glew.obj)" definido en "Main.obj" en la función ""private: void __cdecl MenuRenderer::DrawBackgroundTexture(void)" (?DrawBackgroundTexture@MenuRenderer@@AEAAXXZ)"
LINK : warning LNK4286: "__glewActiveTexture" importa el símbolo "glew32s.lib(glew.obj)" definido en "Mesh.obj"
LINK : warning LNK4217: "__glewGetUniformLocation" importa el símbolo "glew32s.lib(glew.obj)" definido en "Main.obj" en la función ""private: void __cdecl MenuRenderer::DrawBackgroundTexture(void)" (?DrawBackgroundTexture@MenuRenderer@@AEAAXXZ)"
LINK : warning LNK4217: "__glewUniform1i" importa el símbolo "glew32s.lib(glew.obj)" definido en "Main.obj" en la función ""private: void __cdecl MenuRenderer::DrawBackgroundTexture(void)" (?DrawBackgroundTexture@MenuRenderer@@AEAAXXZ)"
LINK : warning LNK4217: "__glewUniform4f" importa el símbolo "glew32s.lib(glew.obj)" definido en "Main.obj" en la función ""private: void __cdecl MenuRenderer::DrawVertices(class std::vector<float,class std::allocator<float> > const &,struct glm::vec<4,float,0> const &)" (?DrawVertices@MenuRenderer@@AEAAXAEBV?$vector@MV?$allocator@M@std@@@std@@AEBU?$vec@$03M$0A@@glm@@@Z)"
LINK : warning LNK4217: "__glewGenerateMipmap" importa el símbolo "glew32s.lib(glew.obj)" definido en "Main.obj" en la función ""private: bool __cdecl MenuRenderer::EnsureBackgroundTexture(void)" (?EnsureBackgroundTexture@MenuRenderer@@AEAA_NXZ)"
LINK : warning LNK4286: "__glewGenerateMipmap" importa el símbolo "glew32s.lib(glew.obj)" definido en "Model.obj"
LINK : warning LNK4286: "__glewGenerateMipmap" importa el símbolo "glew32s.lib(glew.obj)" definido en "Skybox.obj"
  Project-Tois-S.vcxproj -> C:\Users\DELL\Source\Repos\TOIS-Project-S\x64\Debug\Project-Tois-S.exe
