  Bloom.cpp
  FogSettings.cpp
  Hitbox.cpp
  InputHandler.cpp
  LoadingHelper.cpp
  LoadingScreen.cpp
  Main.cpp
  MenuAnimation.cpp
  MenuController.cpp
  Mesh.cpp
  Model.cpp
C:\Users\DELL\source\repos\TOIS-Project-S\Model.cpp(221,31): warning C4267: 'inicializando': conversión de 'size_t' a 'unsigned int'; posible pérdida de datos
  Scene.cpp
  Shader.cpp
  Skybox.cpp
  Utils.cpp
  WindowManager.cpp
LINK : warning LNK4098: la biblioteca predeterminada'LIBCMT' entra en conflicto con otras bibliotecas; use la biblioteca /NODEFAULTLIB:biblioteca
LINK : warning LNK4098: la biblioteca predeterminada'MSVCRTD' entra en conflicto con otras bibliotecas; use la biblioteca /NODEFAULTLIB:biblioteca
  Generando código
  Previous IPDB not found, fall back to full compilation.
  All 1384 functions were compiled because no usable IPDB/IOBJ from previous compilation was found.
  Generación de código finalizada
glew32s.lib(glew.obj) : warning LNK4099: no se encontró PDB 'glew32s.pdb' con 'glew32s.lib(glew.obj)' o en 'C:\Users\DELL\Source\Repos\TOIS-Project-S\x64\Release\glew32s.pdb'; se vinculará el objeto sin tener en cuenta información de depuración
LINK : warning LNK4286: "__glewDeleteBuffers" importa el símbolo "glew32s.lib(glew.obj)" definido en "LoadingScreen.obj"
LINK : warning LNK4286: "__glewGenBuffers" importa el símbolo "glew32s.lib(glew.obj)" definido en "LoadingScreen.obj"
LINK : warning LNK4286: "__glewGenVertexArrays" importa el símbolo "glew32s.lib(glew.obj)" definido en "LoadingScreen.obj"
LINK : warning LNK4286: "__glewBufferData" importa el símbolo "glew32s.lib(glew.obj)" definido en "LoadingScreen.obj"
LINK : warning LNK4286: "__glewDeleteVertexArrays" importa el símbolo "glew32s.lib(glew.obj)" definido en "LoadingScreen.obj"
LINK : warning LNK4286: "__glewBufferSubData" importa el símbolo "glew32s.lib(glew.obj)" definido en "LoadingScreen.obj"
LINK : warning LNK4286: "__glewBindBuffer" importa el símbolo "glew32s.lib(glew.obj)" definido en "LoadingScreen.obj"
LINK : warning LNK4286: "__glewVertexAttribPointer" importa el símbolo "glew32s.lib(glew.obj)" definido en "LoadingScreen.obj"
LINK : warning LNK4286: "__glewBindVertexArray" importa el símbolo "glew32s.lib(glew.obj)" definido en "LoadingScreen.obj"
LINK : warning LNK4286: "__glewEnableVertexAttribArray" importa el símbolo "glew32s.lib(glew.obj)" definido en "LoadingScreen.obj"
LINK : warning LNK4286: "__glewUniform4f" importa el símbolo "glew32s.lib(glew.obj)" definido en "Main.obj"
LINK : warning LNK4286: "__glewGenerateMipmap" importa el símbolo "glew32s.lib(glew.obj)" definido en "Main.obj"
LINK : warning LNK4286: "__glewBindFramebuffer" importa el símbolo "glew32s.lib(glew.obj)" definido en "Main.obj"
LINK : warning LNK4286: "__glewActiveTexture" importa el símbolo "glew32s.lib(glew.obj)" definido en "Main.obj"
LINK : warning LNK4286: "__glewGetUniformLocation" importa el símbolo "glew32s.lib(glew.obj)" definido en "Main.obj"
LINK : warning LNK4286: "__glewUniform1i" importa el símbolo "glew32s.lib(glew.obj)" definido en "Main.obj"
LINK : warning LNK4286: "__glewUseProgram" importa el símbolo "glew32s.lib(glew.obj)" definido en "Main.obj"
  Project-Tois-S.vcxproj -> C:\Users\DELL\Source\Repos\TOIS-Project-S\x64\Release\Project-Tois-S.exe
